#
# There is insufficient memory for the Java Runtime Environment to continue.
# Native memory allocation (mmap) failed to map 134217728 bytes for G1 virtual space
# Possible reasons:
#   The system is out of physical RAM or swap space
#   The process is running with CompressedOops enabled, and the Java Heap may be blocking the growth of the native heap
# Possible solutions:
#   Reduce memory load on the system
#   Increase physical memory or swap space
#   Check if swap backing store is full
#   Decrease Java heap size (-Xmx/-Xms)
#   Decrease number of Java threads
#   Decrease Java thread stack sizes (-Xss)
#   Set larger code cache with -XX:ReservedCodeCacheSize=
#   JVM is running with Unscaled Compressed Oops mode in which the Java heap is
#     placed in the first 4GB address space. The Java Heap base address is the
#     maximum limit for the native heap growth. Please use -XX:HeapBaseMinAddress
#     to set the Java Heap base and to place the Java Heap above 4GB virtual address.
# This output file may be truncated or incomplete.
#
#  Out of Memory Error (os_windows.cpp:3469), pid=3116, tid=4160
#
# JRE version:  (17.0.1+12) (build )
# Java VM: Java HotSpot(TM) 64-Bit Server VM (17.0.1+12-LTS-39, mixed mode, sharing, tiered, compressed oops, compressed class ptrs, g1 gc, windows-amd64)
# No core dump will be written. Minidumps are not enabled by default on client versions of Windows
#

---------------  S U M M A R Y ------------

Command Line: -Dclassworlds.conf=E:\MyStuff\Softwares\Tech\apache-maven-3.9.6-bin\apache-maven-3.9.6\bin\m2.conf -Dmaven.home=E:\MyStuff\Softwares\Tech\apache-maven-3.9.6-bin\apache-maven-3.9.6 -Dlibrary.jansi.path=E:\MyStuff\Softwares\Tech\apache-maven-3.9.6-bin\apache-maven-3.9.6\lib\jansi-native -Dmaven.multiModuleProjectDirectory=E:\MyStuff\Softwares\Tech\store-ordering-system\store-ordering-system org.codehaus.plexus.classworlds.launcher.Launcher clean install

Host: Intel(R) Core(TM) i5-5200U CPU @ 2.20GHz, 4 cores, 7G,  Windows 10 , 64 bit Build 19041 (10.0.19041.3636)
Time: Wed Mar 27 13:05:14 2024 Arabian Standard Time elapsed time: 0.026998 seconds (0d 0h 0m 0s)

---------------  T H R E A D  ---------------

Current thread (0x000001fbfdad9e80):  JavaThread "Unknown thread" [_thread_in_vm, id=4160, stack(0x00000028dfa00000,0x00000028dfb00000)]

Stack: [0x00000028dfa00000,0x00000028dfb00000]
Native frames: (J=compiled Java code, j=interpreted, Vv=VM code, C=native code)
V  [jvm.dll+0x66fa1a]
V  [jvm.dll+0x7ce5a4]
V  [jvm.dll+0x7cfd4e]
V  [jvm.dll+0x7d03b3]
V  [jvm.dll+0x242b05]
V  [jvm.dll+0x66ca39]
V  [jvm.dll+0x661502]
V  [jvm.dll+0x30081b]
V  [jvm.dll+0x307da6]
V  [jvm.dll+0x357a1e]
V  [jvm.dll+0x357c4f]
V  [jvm.dll+0x2d7ad8]
V  [jvm.dll+0x2d8a44]
V  [jvm.dll+0x7a01e1]
V  [jvm.dll+0x365791]
V  [jvm.dll+0x77f6cc]
V  [jvm.dll+0x3e812f]
V  [jvm.dll+0x3e9bd1]
C  [jli.dll+0x527b]
C  [ucrtbase.dll+0x21bb2]
C  [KERNEL32.DLL+0x17344]
C  [ntdll.dll+0x526b1]


---------------  P R O C E S S  ---------------

Threads class SMR info:
_java_thread_list=0x00007ff8ff3d7818, length=0, elements={
}

Java Threads: ( => current thread )

Other Threads:
  0x000001fbffc31b60 GCTaskThread "GC Thread#0" [stack: 0x00000028dfb00000,0x00000028dfc00000] [id=13104]
  0x000001fbffc43830 ConcurrentGCThread "G1 Main Marker" [stack: 0x00000028dfc00000,0x00000028dfd00000] [id=7984]
  0x000001fbffc449e0 ConcurrentGCThread "G1 Conc#0" [stack: 0x00000028dfd00000,0x00000028dfe00000] [id=17192]

[error occurred during error reporting (printing all threads), id 0xc0000005, EXCEPTION_ACCESS_VIOLATION (0xc0000005) at pc=0x00007ff8fec284b7]

VM state: not at safepoint (not fully initialized)

VM Mutex/Monitor currently owned by a thread:  ([mutex/lock_event])
[0x000001fbffbf5be0] Heap_lock - owner thread: 0x000001fbfdad9e80

Heap address: 0x0000000081400000, size: 2028 MB, Compressed Oops mode: 32-bit

CDS archive(s) mapped at: [0x0000000000000000-0x0000000000000000-0x0000000000000000), size 0, SharedBaseAddress: 0x0000000800000000, ArchiveRelocationMode: 0.
Narrow klass base: 0x0000000000000000, Narrow klass shift: 0, Narrow klass range: 0x0

GC Precious Log:
<Empty>

Heap:
 garbage-first heap   total 0K, used 0K [0x0000000081400000, 0x0000000100000000)
  region size 1024K, 0 young (0K), 0 survivors (0K)

[error occurred during error reporting (printing heap information), id 0xc0000005, EXCEPTION_ACCESS_VIOLATION (0xc0000005) at pc=0x00007ff8ff008d89]

GC Heap History (0 events):
No events

Deoptimization events (0 events):
No events

Classes unloaded (0 events):
No events

Classes redefined (0 events):
No events

Internal exceptions (0 events):
No events

VM Operations (0 events):
No events

Events (1 events):
Event: 0.014 Loaded shared library C:\Program Files\Java\jdk-17.0.1\bin\java.dll


Dynamic libraries:
0x00007ff605aa0000 - 0x00007ff605ab0000 	C:\Program Files\Java\jdk-17.0.1\bin\java.exe
0x00007ff93a230000 - 0x00007ff93a428000 	C:\WINDOWS\SYSTEM32\ntdll.dll
0x00007ff9391a0000 - 0x00007ff93925d000 	C:\WINDOWS\System32\KERNEL32.DLL
0x00007ff937f60000 - 0x00007ff938256000 	C:\WINDOWS\System32\KERNELBASE.dll
0x00007ff937910000 - 0x00007ff937a10000 	C:\WINDOWS\System32\ucrtbase.dll
0x00007ff932620000 - 0x00007ff93263a000 	C:\Program Files\Java\jdk-17.0.1\bin\VCRUNTIME140.dll
0x00007ff932490000 - 0x00007ff9324a8000 	C:\Program Files\Java\jdk-17.0.1\bin\jli.dll
0x00007ff939260000 - 0x00007ff939310000 	C:\WINDOWS\System32\ADVAPI32.dll
0x00007ff938a30000 - 0x00007ff938ace000 	C:\WINDOWS\System32\msvcrt.dll
0x00007ff9384e0000 - 0x00007ff938580000 	C:\WINDOWS\System32\sechost.dll
0x00007ff939c50000 - 0x00007ff939d75000 	C:\WINDOWS\System32\RPCRT4.dll
0x00007ff937a10000 - 0x00007ff937a37000 	C:\WINDOWS\System32\bcrypt.dll
0x00007ff938260000 - 0x00007ff9383fe000 	C:\WINDOWS\System32\USER32.dll
0x00007ff9378e0000 - 0x00007ff937902000 	C:\WINDOWS\System32\win32u.dll
0x00007ff938ad0000 - 0x00007ff938afb000 	C:\WINDOWS\System32\GDI32.dll
0x00007ff937a90000 - 0x00007ff937ba7000 	C:\WINDOWS\System32\gdi32full.dll
0x00007ff922890000 - 0x00007ff922b2a000 	C:\WINDOWS\WinSxS\amd64_microsoft.windows.common-controls_6595b64144ccf1df_6.0.19041.3636_none_60b6a03d71f818d5\COMCTL32.dll
0x00007ff937dc0000 - 0x00007ff937e5d000 	C:\WINDOWS\System32\msvcp_win.dll
0x00007ff929280000 - 0x00007ff92928a000 	C:\WINDOWS\SYSTEM32\VERSION.dll
0x00007ff9389f0000 - 0x00007ff938a22000 	C:\WINDOWS\System32\IMM32.DLL
0x00007ff9326a0000 - 0x00007ff9326ac000 	C:\Program Files\Java\jdk-17.0.1\bin\vcruntime140_1.dll
0x00007ff921c50000 - 0x00007ff921cdd000 	C:\Program Files\Java\jdk-17.0.1\bin\msvcp140.dll
0x00007ff8fe940000 - 0x00007ff8ff4fe000 	C:\Program Files\Java\jdk-17.0.1\bin\server\jvm.dll
0x00007ff939160000 - 0x00007ff939168000 	C:\WINDOWS\System32\PSAPI.DLL
0x00007ff925e50000 - 0x00007ff925e77000 	C:\WINDOWS\SYSTEM32\WINMM.dll
0x00007ff933380000 - 0x00007ff933389000 	C:\WINDOWS\SYSTEM32\WSOCK32.dll
0x00007ff938d80000 - 0x00007ff938deb000 	C:\WINDOWS\System32\ws2_32.DLL
0x00007ff9356b0000 - 0x00007ff9356c2000 	C:\WINDOWS\SYSTEM32\kernel.appcore.dll
0x00007ff9324e0000 - 0x00007ff9324ea000 	C:\Program Files\Java\jdk-17.0.1\bin\jimage.dll
0x00007ff92bde0000 - 0x00007ff92bfc4000 	C:\WINDOWS\SYSTEM32\DBGHELP.DLL
0x00007ff92bb50000 - 0x00007ff92bb84000 	C:\WINDOWS\SYSTEM32\dbgcore.DLL
0x00007ff937e60000 - 0x00007ff937ee2000 	C:\WINDOWS\System32\bcryptPrimitives.dll
0x00007ff931c90000 - 0x00007ff931cb5000 	C:\Program Files\Java\jdk-17.0.1\bin\java.dll

dbghelp: loaded successfully - version: 4.0.5 - missing functions: none
symbol engine: initialized successfully - sym options: 0x614 - pdb path: .;C:\Program Files\Java\jdk-17.0.1\bin;C:\WINDOWS\SYSTEM32;C:\WINDOWS\WinSxS\amd64_microsoft.windows.common-controls_6595b64144ccf1df_6.0.19041.3636_none_60b6a03d71f818d5;C:\Program Files\Java\jdk-17.0.1\bin\server

VM Arguments:
jvm_args: -Dclassworlds.conf=E:\MyStuff\Softwares\Tech\apache-maven-3.9.6-bin\apache-maven-3.9.6\bin\m2.conf -Dmaven.home=E:\MyStuff\Softwares\Tech\apache-maven-3.9.6-bin\apache-maven-3.9.6 -Dlibrary.jansi.path=E:\MyStuff\Softwares\Tech\apache-maven-3.9.6-bin\apache-maven-3.9.6\lib\jansi-native -Dmaven.multiModuleProjectDirectory=E:\MyStuff\Softwares\Tech\store-ordering-system\store-ordering-system 
java_command: org.codehaus.plexus.classworlds.launcher.Launcher clean install
java_class_path (initial): E:\MyStuff\Softwares\Tech\apache-maven-3.9.6-bin\apache-maven-3.9.6\boot\plexus-classworlds-2.7.0.jar
Launcher Type: SUN_STANDARD

[Global flags]
     intx CICompilerCount                          = 3                                         {product} {ergonomic}
     uint ConcGCThreads                            = 1                                         {product} {ergonomic}
     uint G1ConcRefinementThreads                  = 4                                         {product} {ergonomic}
   size_t G1HeapRegionSize                         = 1048576                                   {product} {ergonomic}
    uintx GCDrainStackTargetSize                   = 64                                        {product} {ergonomic}
   size_t InitialHeapSize                          = 134217728                                 {product} {ergonomic}
   size_t MarkStackSize                            = 4194304                                   {product} {ergonomic}
   size_t MaxHeapSize                              = 2126512128                                {product} {ergonomic}
   size_t MinHeapDeltaBytes                        = 1048576                                   {product} {ergonomic}
   size_t MinHeapSize                              = 8388608                                   {product} {ergonomic}
    uintx NonNMethodCodeHeapSize                   = 5832780                                {pd product} {ergonomic}
    uintx NonProfiledCodeHeapSize                  = 122912730                              {pd product} {ergonomic}
    uintx ProfiledCodeHeapSize                     = 122912730                              {pd product} {ergonomic}
    uintx ReservedCodeCacheSize                    = 251658240                              {pd product} {ergonomic}
     bool SegmentedCodeCache                       = true                                      {product} {ergonomic}
   size_t SoftMaxHeapSize                          = 2126512128                             {manageable} {ergonomic}
     bool UseCompressedClassPointers               = true                           {product lp64_product} {ergonomic}
     bool UseCompressedOops                        = true                           {product lp64_product} {ergonomic}
     bool UseG1GC                                  = true                                      {product} {ergonomic}
     bool UseLargePagesIndividualAllocation        = false                                  {pd product} {ergonomic}

Logging:
Log output configuration:
 #0: stdout all=warning uptime,level,tags
 #1: stderr all=off uptime,level,tags

Environment Variables:
JAVA_HOME=C:\Program Files\Java\jdk-17.0.1
PATH=C:\Program Files\Common Files\Oracle\Java\javapath;C:\WINDOWS\system32;C:\WINDOWS;C:\WINDOWS\System32\Wbem;C:\WINDOWS\System32\WindowsPowerShell\v1.0\;C:\WINDOWS\System32\OpenSSH\;C:\Users\lenovo;E:\MyStuff\Softwares\Tech\NodeJS\node_modules\npm;E:\MyStuff\Softwares\Tech\NodeJS;C:\Program Files\Java\jdk-17.0.1\bin;C:\Program Files\Git\cmd;C:\Users\lenovo\AppData\Local\Microsoft\WindowsApps;E:\MyStuff\Softwares\Tech\NodeJS\node_modules\npm;E:\MyStuff\Softwares\Tech\NodeJS;E:\MyStuff\Softwares\Tech\apache-maven-3.9.6-bin\apache-maven-3.9.6\bin;C:\Program Files\Java\jdk-17.0.1\bin;E:\MyStuff\Softwares\Tech\apache-maven-3.9.6-bin\apache-maven-3.9.6\bin;C:\Users\lenovo\AppData\Roaming\npm;
USERNAME=lenovo
OS=Windows_NT
PROCESSOR_IDENTIFIER=Intel64 Family 6 Model 61 Stepping 4, GenuineIntel



---------------  S Y S T E M  ---------------

OS:
 Windows 10 , 64 bit Build 19041 (10.0.19041.3636)
OS uptime: 12 days 10:52 hours

CPU: total 4 (initial active 4) (2 cores per cpu, 2 threads per core) family 6 model 61 stepping 4 microcode 0x2d, cx8, cmov, fxsr, ht, mmx, 3dnowpref, sse, sse2, sse3, ssse3, sse4.1, sse4.2, popcnt, lzcnt, tsc, tscinvbit, avx, avx2, aes, erms, clmul, bmi1, bmi2, adx, fma, vzeroupper, clflush

Memory: 4k page, system-wide physical 8106M (829M free)
TotalPageFile size 23279M (AvailPageFile size 127M)
current process WorkingSet (physical memory assigned to process): 10M, peak: 10M
current process commit charge ("private bytes"): 51M, peak: 179M

vm_info: Java HotSpot(TM) 64-Bit Server VM (17.0.1+12-LTS-39) for windows-amd64 JRE (17.0.1+12-LTS-39), built on Sep 27 2021 18:41:35 by "mach5one" with MS VC++ 16.8 (VS2019)

END.
